<?xml version="1.0" encoding="UTF-8"?>
<testsuite xmlns:xsi="http://www.w3.org/2001/XMLSchema-instance" xsi:noNamespaceSchemaLocation="https://maven.apache.org/surefire/maven-surefire-plugin/xsd/surefire-test-report-3.0.xsd" version="3.0" name="testRunner.TestRunner" time="159.535" tests="20" errors="0" skipped="0" failures="0">
  <properties>
[...]
</properties>
  <testcase name="Search with a valid product name" classname="Search functionality on eBay" time="5.331">
    <system-out><![CDATA[
Scenario: Search with a valid product name            # src/test/resources/features/search_functionality.feature:3
  Given I am on the eBay homepage                     # stepDefinitions.SearchSteps.i_am_on_the_ebay_homepage()
  When I enter "Nike Air Max" in the search bar       # stepDefinitions.SearchSteps.i_enter_in_the_search_bar(java.lang.String)
  And I click the search button                       # stepDefinitions.SearchSteps.i_click_the_search_button()
  Then I should see results related to "Nike Air Max" # stepDefinitions.SearchSteps.i_should_see_results_related_to(java.lang.String)
]]></system-out>
    <system-err><![CDATA[Nov 06, 2024 11:30:34 P.M. org.openqa.selenium.devtools.CdpVersionFinder findNearestMatch
WARNING: Unable to find CDP implementation matching 130
Nov 06, 2024 11:30:34 P.M. org.openqa.selenium.chromium.ChromiumDriver lambda$new$5
WARNING: Unable to find version of CDP to use for 130.0.6723.117. You may need to include a dependency on a specific version of the CDP using something similar to `org.seleniumhq.selenium:selenium-devtools-v86:4.12.1` where the version ("v86") matches the version of the chromium-based browser you're using and the version number of the artifact is the same as Selenium's.
]]></system-err>
  </testcase>
  <testcase name="Search with a partial product name" classname="Search functionality on eBay" time="4.267">
    <system-out><![CDATA[
Scenario: Search with a partial product name          # src/test/resources/features/search_functionality.feature:9
  Given I am on the eBay homepage                     # stepDefinitions.SearchSteps.i_am_on_the_ebay_homepage()
  When I enter "Nike Air" in the search bar           # stepDefinitions.SearchSteps.i_enter_in_the_search_bar(java.lang.String)
  And I click the search button                       # stepDefinitions.SearchSteps.i_click_the_search_button()
  Then I should see results related to "Nike Air Max" # stepDefinitions.SearchSteps.i_should_see_results_related_to(java.lang.String)
]]></system-out>
    <system-err><![CDATA[Nov 06, 2024 11:30:38 P.M. org.openqa.selenium.devtools.CdpVersionFinder findNearestMatch
WARNING: Unable to find CDP implementation matching 130
Nov 06, 2024 11:30:38 P.M. org.openqa.selenium.chromium.ChromiumDriver lambda$new$5
WARNING: Unable to find version of CDP to use for 130.0.6723.117. You may need to include a dependency on a specific version of the CDP using something similar to `org.seleniumhq.selenium:selenium-devtools-v86:4.12.1` where the version ("v86") matches the version of the chromium-based browser you're using and the version number of the artifact is the same as Selenium's.
]]></system-err>
  </testcase>
  <testcase name="Search with an invalid/non-existing product" classname="Search functionality on eBay" time="4.003">
    <system-out><![CDATA[
Scenario: Search with an invalid/non-existing product          # src/test/resources/features/search_functionality.feature:15
  Given I am on the eBay homepage                              # stepDefinitions.SearchSteps.i_am_on_the_ebay_homepage()
  When I enter "XYZ12345" in the search bar                    # stepDefinitions.SearchSteps.i_enter_in_the_search_bar(java.lang.String)
  And I click the search button                                # stepDefinitions.SearchSteps.i_click_the_search_button()
  Then I should see a message indicating no results were found # stepDefinitions.SearchSteps.i_should_see_a_message_indicating_no_results_were_found()
]]></system-out>
    <system-err><![CDATA[Nov 06, 2024 11:30:43 P.M. org.openqa.selenium.devtools.CdpVersionFinder findNearestMatch
WARNING: Unable to find CDP implementation matching 130
Nov 06, 2024 11:30:43 P.M. org.openqa.selenium.chromium.ChromiumDriver lambda$new$5
WARNING: Unable to find version of CDP to use for 130.0.6723.117. You may need to include a dependency on a specific version of the CDP using something similar to `org.seleniumhq.selenium:selenium-devtools-v86:4.12.1` where the version ("v86") matches the version of the chromium-based browser you're using and the version number of the artifact is the same as Selenium's.
]]></system-err>
  </testcase>
  <testcase name="Search with empty input" classname="Search functionality on eBay" time="3.594">
    <system-out><![CDATA[
Scenario: Search with empty input       # src/test/resources/features/search_functionality.feature:21
  Given I am on the eBay homepage       # stepDefinitions.SearchSteps.i_am_on_the_ebay_homepage()
  When I leave the search bar empty     # stepDefinitions.SearchSteps.i_leave_the_search_bar_empty()
  And I click the search button         # stepDefinitions.SearchSteps.i_click_the_search_button()
  Then I should see the categories page # stepDefinitions.SearchSteps.i_should_see_the_categories_page()
]]></system-out>
    <system-err><![CDATA[Nov 06, 2024 11:30:47 P.M. org.openqa.selenium.devtools.CdpVersionFinder findNearestMatch
WARNING: Unable to find CDP implementation matching 130
Nov 06, 2024 11:30:47 P.M. org.openqa.selenium.chromium.ChromiumDriver lambda$new$5
WARNING: Unable to find version of CDP to use for 130.0.6723.117. You may need to include a dependency on a specific version of the CDP using something similar to `org.seleniumhq.selenium:selenium-devtools-v86:4.12.1` where the version ("v86") matches the version of the chromium-based browser you're using and the version number of the artifact is the same as Selenium's.
]]></system-err>
  </testcase>
  <testcase name="Search with special characters" classname="Search functionality on eBay" time="3.889">
    <system-out><![CDATA[
Scenario: Search with special characters              # src/test/resources/features/search_functionality.feature:27
  Given I am on the eBay homepage                     # stepDefinitions.SearchSteps.i_am_on_the_ebay_homepage()
  When I enter "!@#$%^&*" in the search bar           # stepDefinitions.SearchSteps.i_enter_in_the_search_bar(java.lang.String)
  And I click the search button                       # stepDefinitions.SearchSteps.i_click_the_search_button()
  Then the input is handled gracefully without errors # stepDefinitions.SearchSteps.the_input_is_handled_gracefully_without_errors()
]]></system-out>
    <system-err><![CDATA[Nov 06, 2024 11:30:50 P.M. org.openqa.selenium.devtools.CdpVersionFinder findNearestMatch
WARNING: Unable to find CDP implementation matching 130
Nov 06, 2024 11:30:50 P.M. org.openqa.selenium.chromium.ChromiumDriver lambda$new$5
WARNING: Unable to find version of CDP to use for 130.0.6723.117. You may need to include a dependency on a specific version of the CDP using something similar to `org.seleniumhq.selenium:selenium-devtools-v86:4.12.1` where the version ("v86") matches the version of the chromium-based browser you're using and the version number of the artifact is the same as Selenium's.
]]></system-err>
  </testcase>
  <testcase name="SQL Injection attempt" classname="Search functionality on eBay" time="2.581">
    <system-out><![CDATA[
Scenario: SQL Injection attempt                              # src/test/resources/features/search_functionality.feature:33
  Given I am on the eBay homepage                            # stepDefinitions.SearchSteps.i_am_on_the_ebay_homepage()
  When I enter "'; DROP TABLE products;--" in the search bar # stepDefinitions.SearchSteps.i_enter_in_the_search_bar(java.lang.String)
  And I click the search button                              # stepDefinitions.SearchSteps.i_click_the_search_button()
  Then the input is sanitized and no security breach occurs  # stepDefinitions.SearchSteps.the_input_is_sanitized_and_no_security_breach_occurs()
]]></system-out>
    <system-err><![CDATA[Nov 06, 2024 11:30:54 P.M. org.openqa.selenium.devtools.CdpVersionFinder findNearestMatch
WARNING: Unable to find CDP implementation matching 130
Nov 06, 2024 11:30:54 P.M. org.openqa.selenium.chromium.ChromiumDriver lambda$new$5
WARNING: Unable to find version of CDP to use for 130.0.6723.117. You may need to include a dependency on a specific version of the CDP using something similar to `org.seleniumhq.selenium:selenium-devtools-v86:4.12.1` where the version ("v86") matches the version of the chromium-based browser you're using and the version number of the artifact is the same as Selenium's.
]]></system-err>
  </testcase>
  <testcase name="Cross-Site Scripting (XSS) attack attempt" classname="Search functionality on eBay" time="3.939">
    <system-out><![CDATA[
Scenario: Cross-Site Scripting (XSS) attack attempt               # src/test/resources/features/search_functionality.feature:39
  Given I am on the eBay homepage                                 # stepDefinitions.SearchSteps.i_am_on_the_ebay_homepage()
  When I enter "<script>alert('XSS');</script>" in the search bar # stepDefinitions.SearchSteps.i_enter_in_the_search_bar(java.lang.String)
  And I click the search button                                   # stepDefinitions.SearchSteps.i_click_the_search_button()
  Then the input is sanitized and the script is not executed      # stepDefinitions.SearchSteps.the_input_is_sanitized_and_the_script_is_not_executed()
]]></system-out>
    <system-err><![CDATA[Nov 06, 2024 11:30:57 P.M. org.openqa.selenium.devtools.CdpVersionFinder findNearestMatch
WARNING: Unable to find CDP implementation matching 130
Nov 06, 2024 11:30:57 P.M. org.openqa.selenium.chromium.ChromiumDriver lambda$new$5
WARNING: Unable to find version of CDP to use for 130.0.6723.117. You may need to include a dependency on a specific version of the CDP using something similar to `org.seleniumhq.selenium:selenium-devtools-v86:4.12.1` where the version ("v86") matches the version of the chromium-based browser you're using and the version number of the artifact is the same as Selenium's.
]]></system-err>
  </testcase>
  <testcase name="Search suggestions appear as typing" classname="Search functionality on eBay" time="5.095">
    <system-out><![CDATA[
Scenario: Search suggestions appear as typing        # src/test/resources/features/search_functionality.feature:45
  Given I am on the eBay homepage                    # stepDefinitions.SearchSteps.i_am_on_the_ebay_homepage()
  When I start typing "Lapto" in the search bar      # stepDefinitions.SearchSteps.i_start_typing_in_the_search_bar(java.lang.String)
  Then autocomplete suggestions like "Laptop" appear # stepDefinitions.SearchSteps.autocomplete_suggestions_like_appear(java.lang.String)
]]></system-out>
    <system-err><![CDATA[Nov 06, 2024 11:31:01 P.M. org.openqa.selenium.devtools.CdpVersionFinder findNearestMatch
WARNING: Unable to find CDP implementation matching 130
Nov 06, 2024 11:31:01 P.M. org.openqa.selenium.chromium.ChromiumDriver lambda$new$5
WARNING: Unable to find version of CDP to use for 130.0.6723.117. You may need to include a dependency on a specific version of the CDP using something similar to `org.seleniumhq.selenium:selenium-devtools-v86:4.12.1` where the version ("v86") matches the version of the chromium-based browser you're using and the version number of the artifact is the same as Selenium's.
]]></system-err>
  </testcase>
  <testcase name="Search results pagination" classname="Search functionality on eBay" time="7.955">
    <system-out><![CDATA[
Scenario: Search results pagination              # src/test/resources/features/search_functionality.feature:50
  Given I am on the eBay homepage                # stepDefinitions.SearchSteps.i_am_on_the_ebay_homepage()
  When I search for "Shoes"                      # stepDefinitions.SearchSteps.i_search_for(java.lang.String)
  And I navigate to the second page of results   # stepDefinitions.SearchSteps.i_navigate_to_the_second_page_of_results()
  Then I should see additional relevant products # stepDefinitions.SearchSteps.i_should_see_additional_relevant_products()
]]></system-out>
    <system-err><![CDATA[Nov 06, 2024 11:31:06 P.M. org.openqa.selenium.devtools.CdpVersionFinder findNearestMatch
WARNING: Unable to find CDP implementation matching 130
Nov 06, 2024 11:31:06 P.M. org.openqa.selenium.chromium.ChromiumDriver lambda$new$5
WARNING: Unable to find version of CDP to use for 130.0.6723.117. You may need to include a dependency on a specific version of the CDP using something similar to `org.seleniumhq.selenium:selenium-devtools-v86:4.12.1` where the version ("v86") matches the version of the chromium-based browser you're using and the version number of the artifact is the same as Selenium's.
]]></system-err>
  </testcase>
  <testcase name="Filtering search results" classname="Search functionality on eBay" time="7.514">
    <system-out><![CDATA[
Scenario: Filtering search results       # src/test/resources/features/search_functionality.feature:56
  Given I am on the eBay homepage        # stepDefinitions.SearchSteps.i_am_on_the_ebay_homepage()
  When I search for "Camera"             # stepDefinitions.SearchSteps.i_search_for(java.lang.String)
  And I apply filter Brand "Canon"       # stepDefinitions.SearchSteps.i_apply_filter(java.lang.String)
  Then I should see only "Canon" cameras # stepDefinitions.SearchSteps.i_should_see_only_canon_cameras(java.lang.String)
]]></system-out>
    <system-err><![CDATA[Nov 06, 2024 11:31:14 P.M. org.openqa.selenium.devtools.CdpVersionFinder findNearestMatch
WARNING: Unable to find CDP implementation matching 130
Nov 06, 2024 11:31:14 P.M. org.openqa.selenium.chromium.ChromiumDriver lambda$new$5
WARNING: Unable to find version of CDP to use for 130.0.6723.117. You may need to include a dependency on a specific version of the CDP using something similar to `org.seleniumhq.selenium:selenium-devtools-v86:4.12.1` where the version ("v86") matches the version of the chromium-based browser you're using and the version number of the artifact is the same as Selenium's.
]]></system-err>
  </testcase>
  <testcase name="Sorting search results" classname="Search functionality on eBay" time="60.609">
    <system-out><![CDATA[
Scenario: Sorting search results                         # src/test/resources/features/search_functionality.feature:62
  Given I am on the eBay homepage                        # stepDefinitions.SearchSteps.i_am_on_the_ebay_homepage()
  When I search for "Headphones"                         # stepDefinitions.SearchSteps.i_search_for(java.lang.String)
  And I sort results by "Price + Shipping: lowest first" # stepDefinitions.SearchSteps.i_sort_results_by(java.lang.String)
  Then products are sorted accordingly                   # stepDefinitions.SearchSteps.products_are_sorted_accordingly()
]]></system-out>
    <system-err><![CDATA[Nov 06, 2024 11:31:21 P.M. org.openqa.selenium.devtools.CdpVersionFinder findNearestMatch
WARNING: Unable to find CDP implementation matching 130
Nov 06, 2024 11:31:21 P.M. org.openqa.selenium.chromium.ChromiumDriver lambda$new$5
WARNING: Unable to find version of CDP to use for 130.0.6723.117. You may need to include a dependency on a specific version of the CDP using something similar to `org.seleniumhq.selenium:selenium-devtools-v86:4.12.1` where the version ("v86") matches the version of the chromium-based browser you're using and the version number of the artifact is the same as Selenium's.
]]></system-err>
  </testcase>
  <testcase name="Case sensitivity check" classname="Search functionality on eBay" time="4.42">
    <system-out><![CDATA[
Scenario: Case sensitivity check                                          # src/test/resources/features/search_functionality.feature:68
  Given I am on the eBay homepage                                         # stepDefinitions.SearchSteps.i_am_on_the_ebay_homepage()
  When I enter "APPLE Watch" in the search bar                            # stepDefinitions.SearchSteps.i_enter_in_the_search_bar(java.lang.String)
  And I click the search button                                           # stepDefinitions.SearchSteps.i_click_the_search_button()
  Then the search is case-insensitive and relevant products are displayed # stepDefinitions.SearchSteps.the_search_is_case_insensitive_and_relevant_products_are_displayed()
]]></system-out>
    <system-err><![CDATA[Nov 06, 2024 11:32:22 P.M. org.openqa.selenium.devtools.CdpVersionFinder findNearestMatch
WARNING: Unable to find CDP implementation matching 130
Nov 06, 2024 11:32:22 P.M. org.openqa.selenium.chromium.ChromiumDriver lambda$new$5
WARNING: Unable to find version of CDP to use for 130.0.6723.117. You may need to include a dependency on a specific version of the CDP using something similar to `org.seleniumhq.selenium:selenium-devtools-v86:4.12.1` where the version ("v86") matches the version of the chromium-based browser you're using and the version number of the artifact is the same as Selenium's.
]]></system-err>
  </testcase>
  <testcase name="Handling misspelled words" classname="Search functionality on eBay" time="4.489">
    <system-out><![CDATA[
Scenario: Handling misspelled words               # src/test/resources/features/search_functionality.feature:74
  Given I am on the eBay homepage                 # stepDefinitions.SearchSteps.i_am_on_the_ebay_homepage()
  When I enter "iphnoe" in the search bar         # stepDefinitions.SearchSteps.i_enter_in_the_search_bar(java.lang.String)
  And I click the search button                   # stepDefinitions.SearchSteps.i_click_the_search_button()
  Then I should be suggested results for "iphone" # stepDefinitions.SearchSteps.i_should_be_suggested(java.lang.String)
]]></system-out>
    <system-err><![CDATA[Nov 06, 2024 11:32:26 P.M. org.openqa.selenium.devtools.CdpVersionFinder findNearestMatch
WARNING: Unable to find CDP implementation matching 130
Nov 06, 2024 11:32:26 P.M. org.openqa.selenium.chromium.ChromiumDriver lambda$new$5
WARNING: Unable to find version of CDP to use for 130.0.6723.117. You may need to include a dependency on a specific version of the CDP using something similar to `org.seleniumhq.selenium:selenium-devtools-v86:4.12.1` where the version ("v86") matches the version of the chromium-based browser you're using and the version number of the artifact is the same as Selenium's.
]]></system-err>
  </testcase>
  <testcase name="Search using synonyms" classname="Search functionality on eBay" time="4.472">
    <system-out><![CDATA[
Scenario: Search using synonyms                                        # src/test/resources/features/search_functionality.feature:80
  Given I am on the eBay homepage                                      # stepDefinitions.SearchSteps.i_am_on_the_ebay_homepage()
  When I enter "Mobile Phone" in the search bar                        # stepDefinitions.SearchSteps.i_enter_in_the_search_bar(java.lang.String)
  And I click the search button                                        # stepDefinitions.SearchSteps.i_click_the_search_button()
  Then products listed under "Cell Phones & Smartphones" are displayed # stepDefinitions.SearchSteps.products_listed_under_are_displayed(java.lang.String)
]]></system-out>
    <system-err><![CDATA[Nov 06, 2024 11:32:31 P.M. org.openqa.selenium.devtools.CdpVersionFinder findNearestMatch
WARNING: Unable to find CDP implementation matching 130
Nov 06, 2024 11:32:31 P.M. org.openqa.selenium.chromium.ChromiumDriver lambda$new$5
WARNING: Unable to find version of CDP to use for 130.0.6723.117. You may need to include a dependency on a specific version of the CDP using something similar to `org.seleniumhq.selenium:selenium-devtools-v86:4.12.1` where the version ("v86") matches the version of the chromium-based browser you're using and the version number of the artifact is the same as Selenium's.
]]></system-err>
  </testcase>
  <testcase name="Advanced search options" classname="Search functionality on eBay" time="6.95">
    <system-out><![CDATA[
Scenario: Advanced search options                  # src/test/resources/features/search_functionality.feature:86
  Given I am on the eBay homepage                  # stepDefinitions.SearchSteps.i_am_on_the_ebay_homepage()
  When I enter "Golf Set" in the search bar        # stepDefinitions.SearchSteps.i_enter_in_the_search_bar(java.lang.String)
  And I click the search button                    # stepDefinitions.SearchSteps.i_click_the_search_button()
  When I use advanced search                       # stepDefinitions.SearchSteps.i_use_advanced_search()
  And I set criteria: "Price under $500"           # stepDefinitions.SearchSteps.i_set_criteria(java.lang.String)
  Then I should see products matching the criteria # stepDefinitions.SearchSteps.i_should_see_products_matching_the_criteria()
]]></system-out>
    <system-err><![CDATA[Nov 06, 2024 11:32:35 P.M. org.openqa.selenium.devtools.CdpVersionFinder findNearestMatch
WARNING: Unable to find CDP implementation matching 130
Nov 06, 2024 11:32:35 P.M. org.openqa.selenium.chromium.ChromiumDriver lambda$new$5
WARNING: Unable to find version of CDP to use for 130.0.6723.117. You may need to include a dependency on a specific version of the CDP using something similar to `org.seleniumhq.selenium:selenium-devtools-v86:4.12.1` where the version ("v86") matches the version of the chromium-based browser you're using and the version number of the artifact is the same as Selenium's.
]]></system-err>
  </testcase>
  <testcase name="Search within a category" classname="Search functionality on eBay" time="4.542">
    <system-out><![CDATA[
Scenario: Search within a category                                   # src/test/resources/features/search_functionality.feature:94
  Given I am on the eBay homepage                                    # stepDefinitions.SearchSteps.i_am_on_the_ebay_homepage()
  When I navigate to "Electronics" category                          # stepDefinitions.SearchSteps.i_navigate_to_category(java.lang.String)
  And I search for "Tablet"                                          # stepDefinitions.SearchSteps.i_search_for(java.lang.String)
  Then products listed under "Tablets & eBook Readers" are displayed # stepDefinitions.SearchSteps.products_listed_under_are_displayed(java.lang.String)
]]></system-out>
    <system-err><![CDATA[Nov 06, 2024 11:32:42 P.M. org.openqa.selenium.devtools.CdpVersionFinder findNearestMatch
WARNING: Unable to find CDP implementation matching 130
Nov 06, 2024 11:32:42 P.M. org.openqa.selenium.chromium.ChromiumDriver lambda$new$5
WARNING: Unable to find version of CDP to use for 130.0.6723.117. You may need to include a dependency on a specific version of the CDP using something similar to `org.seleniumhq.selenium:selenium-devtools-v86:4.12.1` where the version ("v86") matches the version of the chromium-based browser you're using and the version number of the artifact is the same as Selenium's.
]]></system-err>
  </testcase>
  <testcase name="Recent searches are displayed" classname="Search functionality on eBay" time="7.283">
    <system-out><![CDATA[
Scenario: Recent searches are displayed           # src/test/resources/features/search_functionality.feature:100
  Given I have performed several searches         # stepDefinitions.SearchSteps.i_have_performed_several_searches()
  When I click on the search bar                  # stepDefinitions.SearchSteps.i_click_on_the_search_bar()
  Then I should see a list of recent search terms # stepDefinitions.SearchSteps.i_should_see_a_list_of_recent_search_terms()
]]></system-out>
    <system-err><![CDATA[Nov 06, 2024 11:32:47 P.M. org.openqa.selenium.devtools.CdpVersionFinder findNearestMatch
WARNING: Unable to find CDP implementation matching 130
Nov 06, 2024 11:32:47 P.M. org.openqa.selenium.chromium.ChromiumDriver lambda$new$5
WARNING: Unable to find version of CDP to use for 130.0.6723.117. You may need to include a dependency on a specific version of the CDP using something similar to `org.seleniumhq.selenium:selenium-devtools-v86:4.12.1` where the version ("v86") matches the version of the chromium-based browser you're using and the version number of the artifact is the same as Selenium's.
]]></system-err>
  </testcase>
  <testcase name="Multi-language search support" classname="Search functionality on eBay" time="4.556">
    <system-out><![CDATA[
Scenario: Multi-language search support           # src/test/resources/features/search_functionality.feature:105
  Given I am on the eBay homepage                 # stepDefinitions.SearchSteps.i_am_on_the_ebay_homepage()
  When I enter "鞋子" in the search bar             # stepDefinitions.SearchSteps.i_enter_in_the_search_bar(java.lang.String)
  And I click the search button                   # stepDefinitions.SearchSteps.i_click_the_search_button()
  Then I should see products relevant to the term # stepDefinitions.SearchSteps.i_should_see_products_relevant_to_the_term()
]]></system-out>
    <system-err><![CDATA[Nov 06, 2024 11:32:54 P.M. org.openqa.selenium.devtools.CdpVersionFinder findNearestMatch
WARNING: Unable to find CDP implementation matching 130
Nov 06, 2024 11:32:54 P.M. org.openqa.selenium.chromium.ChromiumDriver lambda$new$5
WARNING: Unable to find version of CDP to use for 130.0.6723.117. You may need to include a dependency on a specific version of the CDP using something similar to `org.seleniumhq.selenium:selenium-devtools-v86:4.12.1` where the version ("v86") matches the version of the chromium-based browser you're using and the version number of the artifact is the same as Selenium's.
]]></system-err>
  </testcase>
  <testcase name="Accessibility via keyboard" classname="Search functionality on eBay" time="7.572">
    <system-out><![CDATA[
Scenario: Accessibility via keyboard                 # src/test/resources/features/search_functionality.feature:111
  Given I am on the eBay homepage                    # stepDefinitions.SearchSteps.i_am_on_the_ebay_homepage()
  When I use Tab to focus on the search bar          # stepDefinitions.SearchSteps.i_use_tab_to_focus_on_the_search_bar()
  And I enter "Book"                                 # stepDefinitions.SearchSteps.i_enter(java.lang.String)
  And I press Enter                                  # stepDefinitions.SearchSteps.i_press_enter()
  Then the search executes without mouse interaction # stepDefinitions.SearchSteps.the_search_executes_without_mouse_interaction()
]]></system-out>
    <system-err><![CDATA[Nov 06, 2024 11:32:59 P.M. org.openqa.selenium.devtools.CdpVersionFinder findNearestMatch
WARNING: Unable to find CDP implementation matching 130
Nov 06, 2024 11:32:59 P.M. org.openqa.selenium.chromium.ChromiumDriver lambda$new$5
WARNING: Unable to find version of CDP to use for 130.0.6723.117. You may need to include a dependency on a specific version of the CDP using something similar to `org.seleniumhq.selenium:selenium-devtools-v86:4.12.1` where the version ("v86") matches the version of the chromium-based browser you're using and the version number of the artifact is the same as Selenium's.
]]></system-err>
  </testcase>
  <testcase name="Mobile responsiveness" classname="Search functionality on eBay" time="2.979">
    <system-out><![CDATA[
@Mobile
Scenario: Mobile responsiveness                       # src/test/resources/features/search_functionality.feature:119
  Given I access the site on a mobile device          # stepDefinitions.SearchSteps.i_access_the_site_on_a_mobile_device()
  When I enter "Nike Air Max" in the search bar       # stepDefinitions.SearchSteps.i_enter_in_the_search_bar(java.lang.String)
  And I click the search button                       # stepDefinitions.SearchSteps.i_click_the_search_button()
  Then I should see results related to "Nike Air Max" # stepDefinitions.SearchSteps.i_should_see_results_related_to(java.lang.String)
]]></system-out>
    <system-err><![CDATA[Nov 06, 2024 11:33:06 P.M. org.openqa.selenium.devtools.CdpVersionFinder findNearestMatch
WARNING: Unable to find CDP implementation matching 130
Nov 06, 2024 11:33:06 P.M. org.openqa.selenium.chromium.ChromiumDriver lambda$new$5
WARNING: Unable to find version of CDP to use for 130.0.6723.117. You may need to include a dependency on a specific version of the CDP using something similar to `org.seleniumhq.selenium:selenium-devtools-v86:4.12.1` where the version ("v86") matches the version of the chromium-based browser you're using and the version number of the artifact is the same as Selenium's.
]]></system-err>
  </testcase>
</testsuite>